生成启动时间为 2016/2/5 16:46:10。
     1>项目“E:\antispoofing4.0\antispoofing4.0\antispoofing4.0.vcxproj”在节点 2 上(build 个目标)。
     1>InitializeBuildStatus:
         正在创建“Debug\antispoofing4.0.unsuccessfulbuild”，因为已指定“AlwaysCreate”。
       ClCompile:
         c:\Program Files (x86)\Microsoft Visual Studio 10.0\VC\bin\CL.exe /c /ZI /nologo /W3 /WX- /Od /Oy- /D WIN32 /D _DEBUG /D _CONSOLE /D _UNICODE /D UNICODE /D _AFXDLL /Gm /EHsc /RTC1 /MDd /GS /fp:precise /Zc:wchar_t /Zc:forScope /Fo"Debug\\" /Fd"Debug\vc100.pdb" /Gd /TP /analyze- /errorReport:prompt main.cpp svm.cpp
         main.cpp
         正在生成代码...
         正在编译...
         svm.cpp
         正在生成代码...
       ManifestResourceCompile:
         所有输出均为最新。
       Link:
         c:\Program Files (x86)\Microsoft Visual Studio 10.0\VC\bin\link.exe /ERRORREPORT:PROMPT /OUT:"E:\antispoofing4.0\Debug\antispoofing4.0.exe" /INCREMENTAL /NOLOGO opencv_calib3d249d.lib opencv_contrib249d.lib opencv_core249d.lib opencv_features2d249d.lib opencv_flann249d.lib opencv_gpu249d.lib opencv_highgui249d.lib opencv_imgproc249d.lib opencv_legacy249d.lib opencv_objdetect249d.lib opencv_ts249d.lib opencv_video249d.lib opencv_nonfree249d.lib opencv_ocl249d.lib opencv_photo249d.lib opencv_stitching249d.lib opencv_superres249d.lib opencv_videostab249d.lib opencv_objdetect249.lib opencv_ts249.lib opencv_video249.lib opencv_nonfree249.lib opencv_ocl249.lib opencv_photo249.lib opencv_stitching249.lib opencv_superres249.lib opencv_videostab249.lib opencv_calib3d249.lib opencv_contrib249.lib opencv_core249.lib opencv_features2d249.lib opencv_flann249.lib opencv_gpu249.lib opencv_highgui249.lib opencv_imgproc249.lib opencv_legacy249.lib opencv_ml249.lib /MANIFEST /ManifestFile:"Debug\antispoofing4.0.exe.intermediate.manifest" /MANIFESTUAC:"level='asInvoker' uiAccess='false'" /DEBUG /PDB:"E:\antispoofing4.0\Debug\antispoofing4.0.pdb" /SUBSYSTEM:CONSOLE /TLBID:1 /DYNAMICBASE /NXCOMPAT /IMPLIB:"E:\antispoofing4.0\Debug\antispoofing4.0.lib" /MACHINE:X86 Debug\antispoofing4.0.exe.embed.manifest.res
         Debug\fft.obj
         Debug\fileoption.obj
         Debug\lap.obj
         Debug\main.obj
         Debug\svm.obj
       Manifest:
         C:\Program Files (x86)\Microsoft SDKs\Windows\v7.0A\bin\mt.exe /nologo /verbose /out:"Debug\antispoofing4.0.exe.embed.manifest" /manifest Debug\antispoofing4.0.exe.intermediate.manifest "c:\Program Files (x86)\Microsoft Visual Studio 10.0\VC\Include\Manifest\dpiaware.manifest"
         所有输出均为最新。
       LinkEmbedManifest:
         所有输出均为最新。
         antispoofing4.0.vcxproj -> E:\antispoofing4.0\Debug\antispoofing4.0.exe
       FinalizeBuildStatus:
         正在删除文件“Debug\antispoofing4.0.unsuccessfulbuild”。
         正在对“Debug\antispoofing4.0.lastbuildstate”执行 Touch 任务。
     1>已完成生成项目“E:\antispoofing4.0\antispoofing4.0\antispoofing4.0.vcxproj”(build 个目标)的操作。

生成成功。

已用时间 00:00:07.16
